[2026-02-03T00:31:41.717Z] [ERROR] Request completed | {"method":"GET","path":"/api/floods","statusCode":404,"duration":"0ms"}
[2026-02-03T00:31:41.717Z] [ERROR] Request completed | {"method":"GET","path":"/api/floods","statusCode":404,"duration":"0ms"}
[2026-02-03T00:31:43.594Z] [ERROR] Request completed | {"method":"GET","path":"/api/floods","statusCode":404,"duration":"1ms"}
[2026-02-03T00:33:12.637Z] [ERROR] Error fetching flood data for hour: | {"error":"Access denied for user 'root'@'localhost' (using password: NO)"}
[2026-02-03T00:33:12.637Z] [ERROR] Request completed | {"method":"GET","path":"/api/floods","statusCode":500,"duration":"90ms"}
[2026-02-03T00:33:12.640Z] [ERROR] Error fetching flood data for hour: | {"error":"Access denied for user 'root'@'localhost' (using password: NO)"}
[2026-02-03T00:33:12.641Z] [ERROR] Request completed | {"method":"GET","path":"/api/floods","statusCode":500,"duration":"3ms"}
[2026-02-03T00:33:13.233Z] [ERROR] Error fetching flood data for hour: | {"error":"Access denied for user 'root'@'localhost' (using password: NO)"}
[2026-02-03T00:33:13.234Z] [ERROR] Request completed | {"method":"GET","path":"/api/floods","statusCode":500,"duration":"5ms"}
[2026-02-03T00:33:13.692Z] [ERROR] Request completed | {"method":"GET","path":"/api/floods","statusCode":500,"duration":"8ms"}
[2026-02-03T00:33:13.691Z] [ERROR] Error fetching flood data for hour: | {"error":"Access denied for user 'root'@'localhost' (using password: NO)"}
[2026-02-03T00:33:45.339Z] [ERROR] Error fetching flood data for hour: | {"error":"Access denied for user 'root'@'localhost' (using password: NO)"}
[2026-02-03T00:33:45.340Z] [ERROR] Request completed | {"method":"GET","path":"/api/floods","statusCode":500,"duration":"15ms"}
[2026-02-03T00:33:45.343Z] [ERROR] Error fetching flood data for hour: | {"error":"Access denied for user 'root'@'localhost' (using password: NO)"}
[2026-02-03T00:33:45.343Z] [ERROR] Request completed | {"method":"GET","path":"/api/floods","statusCode":500,"duration":"2ms"}
[2026-02-03T00:33:45.990Z] [ERROR] Error fetching flood data for hour: | {"error":"Access denied for user 'root'@'localhost' (using password: NO)"}
[2026-02-03T00:33:45.991Z] [ERROR] Request completed | {"method":"GET","path":"/api/floods","statusCode":500,"duration":"5ms"}
[2026-02-03T01:13:16.803Z] [ERROR] Error fetching flood data for hour: | {"error":"Access denied for user 'root'@'localhost' (using password: NO)"}
[2026-02-03T01:13:16.804Z] [ERROR] Request completed | {"method":"GET","path":"/api/floods","statusCode":500,"duration":"29ms"}
[2026-02-03T01:13:16.808Z] [ERROR] Error fetching flood data for hour: | {"error":"Access denied for user 'root'@'localhost' (using password: NO)"}
[2026-02-03T01:13:16.808Z] [ERROR] Request completed | {"method":"GET","path":"/api/floods","statusCode":500,"duration":"3ms"}
[2026-02-03T01:13:17.669Z] [ERROR] Error fetching flood data for hour: | {"error":"Access denied for user 'root'@'localhost' (using password: NO)"}
[2026-02-03T01:13:17.670Z] [ERROR] Request completed | {"method":"GET","path":"/api/floods","statusCode":500,"duration":"6ms"}
[2026-02-03T01:13:17.894Z] [ERROR] Error fetching flood data for hour: | {"error":"Access denied for user 'root'@'localhost' (using password: NO)"}
[2026-02-03T01:13:17.895Z] [ERROR] Request completed | {"method":"GET","path":"/api/floods","statusCode":500,"duration":"5ms"}
[2026-02-03T01:13:18.036Z] [ERROR] Error fetching flood data for hour: | {"error":"Access denied for user 'root'@'localhost' (using password: NO)"}
[2026-02-03T01:13:18.036Z] [ERROR] Request completed | {"method":"GET","path":"/api/floods","statusCode":500,"duration":"3ms"}
[2026-02-03T01:13:18.174Z] [ERROR] Error fetching flood data for hour: | {"error":"Access denied for user 'root'@'localhost' (using password: NO)"}
[2026-02-03T01:13:18.175Z] [ERROR] Request completed | {"method":"GET","path":"/api/floods","statusCode":500,"duration":"8ms"}
[2026-02-03T01:13:28.746Z] [ERROR] Error fetching flood data for hour: | {"error":"Access denied for user 'root'@'localhost' (using password: NO)"}
[2026-02-03T01:13:28.747Z] [ERROR] Request completed | {"method":"GET","path":"/api/floods","statusCode":500,"duration":"15ms"}
[2026-02-03T01:13:28.750Z] [ERROR] Error fetching flood data for hour: | {"error":"Access denied for user 'root'@'localhost' (using password: NO)"}
[2026-02-03T01:13:28.751Z] [ERROR] Request completed | {"method":"GET","path":"/api/floods","statusCode":500,"duration":"3ms"}
[2026-02-03T01:13:31.154Z] [ERROR] Error fetching flood data for hour: | {"error":"Access denied for user 'root'@'localhost' (using password: NO)"}
[2026-02-03T01:13:31.155Z] [ERROR] Request completed | {"method":"GET","path":"/api/floods","statusCode":500,"duration":"4ms"}
[2026-02-03T01:13:31.159Z] [ERROR] Error fetching flood data for hour: | {"error":"Access denied for user 'root'@'localhost' (using password: NO)"}
[2026-02-03T01:13:31.159Z] [ERROR] Request completed | {"method":"GET","path":"/api/floods","statusCode":500,"duration":"4ms"}
[2026-02-03T01:15:01.992Z] [ERROR] Error fetching earthquake data for hour: | {"error":"fetch failed"}
[2026-02-03T01:15:11.491Z] [ERROR] Error fetching earthquake data for hour: | {"error":"fetch failed"}
[2026-02-03T01:15:12.989Z] [ERROR] Error fetching earthquake data for hour: | {"error":"fetch failed"}
[2026-02-03T01:17:30.150Z] [ERROR] Error fetching flood data for hour: | {"error":"Access denied for user 'root'@'localhost' (using password: NO)"}
[2026-02-03T01:17:30.150Z] [ERROR] Request completed | {"method":"GET","path":"/api/floods","statusCode":500,"duration":"82ms"}
[2026-02-03T01:17:30.876Z] [ERROR] Error fetching flood data for hour: | {"error":"Access denied for user 'root'@'localhost' (using password: NO)"}
[2026-02-03T01:17:30.876Z] [ERROR] Request completed | {"method":"GET","path":"/api/floods","statusCode":500,"duration":"3ms"}
[2026-02-03T01:18:28.203Z] [ERROR] Error fetching flood data for hour: | {"error":"Access denied for user 'root'@'localhost' (using password: NO)"}
[2026-02-03T01:18:28.204Z] [ERROR] Request completed | {"method":"GET","path":"/api/floods","statusCode":500,"duration":"18ms"}
[2026-02-03T01:18:28.209Z] [ERROR] Error fetching flood data for hour: | {"error":"Access denied for user 'root'@'localhost' (using password: NO)"}
[2026-02-03T01:18:28.210Z] [ERROR] Request completed | {"method":"GET","path":"/api/floods","statusCode":500,"duration":"4ms"}
[2026-02-03T01:18:29.800Z] [ERROR] Error fetching flood data for hour: | {"error":"Access denied for user 'root'@'localhost' (using password: NO)"}
[2026-02-03T01:18:29.802Z] [ERROR] Request completed | {"method":"GET","path":"/api/floods","statusCode":500,"duration":"14ms"}
[2026-02-03T01:18:30.371Z] [ERROR] Error fetching flood data for hour: | {"error":"Access denied for user 'root'@'localhost' (using password: NO)"}
[2026-02-03T01:18:30.372Z] [ERROR] Request completed | {"method":"GET","path":"/api/floods","statusCode":500,"duration":"6ms"}
[2026-02-03T01:18:30.503Z] [ERROR] Error fetching flood data for hour: | {"error":"Access denied for user 'root'@'localhost' (using password: NO)"}
[2026-02-03T01:18:30.504Z] [ERROR] Request completed | {"method":"GET","path":"/api/floods","statusCode":500,"duration":"4ms"}
[2026-02-03T01:18:30.644Z] [ERROR] Error fetching flood data for hour: | {"error":"Access denied for user 'root'@'localhost' (using password: NO)"}
[2026-02-03T01:18:30.645Z] [ERROR] Request completed | {"method":"GET","path":"/api/floods","statusCode":500,"duration":"4ms"}
[2026-02-03T01:21:37.358Z] [ERROR] Error fetching flood data for hour: | {"error":"Access denied for user 'root'@'localhost' (using password: YES)"}
[2026-02-03T01:21:37.358Z] [ERROR] Request completed | {"method":"GET","path":"/api/floods","statusCode":500,"duration":"36ms"}
[2026-02-03T01:21:38.334Z] [ERROR] Error fetching flood data for hour: | {"error":"Access denied for user 'root'@'localhost' (using password: YES)"}
[2026-02-03T01:21:38.339Z] [ERROR] Request completed | {"method":"GET","path":"/api/floods","statusCode":500,"duration":"18ms"}
[2026-02-03T01:24:17.165Z] [ERROR] Error fetching flood data for hour: | {"error":"Access denied for user 'root'@'localhost' (using password: YES)"}
[2026-02-03T01:24:17.166Z] [ERROR] Request completed | {"method":"GET","path":"/api/floods","statusCode":500,"duration":"25ms"}
[2026-02-03T01:24:17.175Z] [ERROR] Error fetching flood data for hour: | {"error":"Access denied for user 'root'@'localhost' (using password: YES)"}
[2026-02-03T01:24:17.175Z] [ERROR] Request completed | {"method":"GET","path":"/api/floods","statusCode":500,"duration":"8ms"}
[2026-02-03T01:24:18.215Z] [ERROR] Error fetching flood data for hour: | {"error":"Access denied for user 'root'@'localhost' (using password: YES)"}
[2026-02-03T01:24:18.216Z] [ERROR] Request completed | {"method":"GET","path":"/api/floods","statusCode":500,"duration":"20ms"}
[2026-02-03T01:24:18.680Z] [ERROR] Error fetching flood data for hour: | {"error":"Access denied for user 'root'@'localhost' (using password: YES)"}
[2026-02-03T01:24:18.680Z] [ERROR] Request completed | {"method":"GET","path":"/api/floods","statusCode":500,"duration":"10ms"}
[2026-02-03T01:24:47.154Z] [ERROR] Error fetching flood data for hour: | {"error":"Access denied for user 'root'@'localhost' (using password: YES)"}
[2026-02-03T01:24:47.155Z] [ERROR] Request completed | {"method":"GET","path":"/api/floods","statusCode":500,"duration":"17ms"}
[2026-02-03T01:24:47.575Z] [ERROR] Error fetching flood data for hour: | {"error":"Access denied for user 'root'@'localhost' (using password: YES)"}
[2026-02-03T01:24:47.576Z] [ERROR] Request completed | {"method":"GET","path":"/api/floods","statusCode":500,"duration":"15ms"}
[2026-02-03T01:24:47.709Z] [ERROR] Request completed | {"method":"GET","path":"/api/floods","statusCode":500,"duration":"11ms"}
[2026-02-03T01:24:47.708Z] [ERROR] Error fetching flood data for hour: | {"error":"Access denied for user 'root'@'localhost' (using password: YES)"}
[2026-02-03T01:27:27.273Z] [ERROR] Error fetching flood data for hour: | {"error":"Table 'earthquake_db.cache_metadata' doesn't exist"}
[2026-02-03T01:27:27.274Z] [ERROR] Request completed | {"method":"GET","path":"/api/floods","statusCode":500,"duration":"64ms"}
[2026-02-03T01:28:09.245Z] [ERROR] Error fetching flood data for hour: | {"error":"Unknown column 'NaN' in 'field list'"}
[2026-02-03T01:28:09.246Z] [ERROR] Request completed | {"method":"GET","path":"/api/floods","statusCode":500,"duration":"672ms"}
[2026-02-03T01:28:09.613Z] [ERROR] Error fetching flood data for hour: | {"error":"Unknown column 'NaN' in 'field list'"}
[2026-02-03T01:28:09.614Z] [ERROR] Request completed | {"method":"GET","path":"/api/floods","statusCode":500,"duration":"368ms"}
[2026-02-03T01:28:18.044Z] [ERROR] Error fetching flood data for hour: | {"error":"Unknown column 'NaN' in 'field list'"}
[2026-02-03T01:28:18.044Z] [ERROR] Request completed | {"method":"GET","path":"/api/floods","statusCode":500,"duration":"584ms"}
[2026-02-03T01:35:36.580Z] [ERROR] Error fetching flood data for hour: | {"error":"Request failed with status code 404"}
[2026-02-03T01:35:36.580Z] [ERROR] Request completed | {"method":"GET","path":"/api/floods","statusCode":500,"duration":"310ms"}
[2026-02-03T01:35:36.672Z] [ERROR] Error fetching flood data for hour: | {"error":"Request failed with status code 404"}
[2026-02-03T01:35:36.673Z] [ERROR] Request completed | {"method":"GET","path":"/api/floods","statusCode":500,"duration":"92ms"}
[2026-02-03T01:35:37.422Z] [ERROR] Error fetching flood data for hour: | {"error":"Request failed with status code 404"}
[2026-02-03T01:35:37.422Z] [ERROR] Request completed | {"method":"GET","path":"/api/floods","statusCode":500,"duration":"95ms"}
[2026-02-03T01:35:38.195Z] [ERROR] Error fetching flood data for hour: | {"error":"Request failed with status code 404"}
[2026-02-03T01:35:38.196Z] [ERROR] Request completed | {"method":"GET","path":"/api/floods","statusCode":500,"duration":"86ms"}
[2026-02-03T01:36:10.631Z] [ERROR] Error fetching flood data for hour: | {"error":"Request failed with status code 404"}
[2026-02-03T01:36:10.632Z] [ERROR] Request completed | {"method":"GET","path":"/api/floods","statusCode":500,"duration":"361ms"}
[2026-02-03T01:36:10.932Z] [ERROR] Error fetching flood data for hour: | {"error":"Request failed with status code 404"}
[2026-02-03T01:36:10.932Z] [ERROR] Request completed | {"method":"GET","path":"/api/floods","statusCode":500,"duration":"299ms"}
[2026-02-03T01:36:11.594Z] [ERROR] Error fetching flood data for hour: | {"error":"Request failed with status code 404"}
[2026-02-03T01:36:11.596Z] [ERROR] Request completed | {"method":"GET","path":"/api/floods","statusCode":500,"duration":"108ms"}
[2026-02-03T01:37:59.916Z] [ERROR] Error fetching flood data for hour: | {"error":"Request failed with status code 404"}
[2026-02-03T01:37:59.916Z] [ERROR] Request completed | {"method":"GET","path":"/api/floods","statusCode":500,"duration":"430ms"}
[2026-02-03T01:38:33.881Z] [ERROR] Error fetching flood data for day: | {"error":"Duplicate entry 'flood_001' for key 'floods.PRIMARY'"}
[2026-02-03T01:38:33.881Z] [ERROR] Request completed | {"method":"GET","path":"/api/floods","statusCode":500,"duration":"4ms"}
[2026-02-03T01:38:41.741Z] [ERROR] Error fetching flood data for week: | {"error":"Duplicate entry 'flood_001' for key 'floods.PRIMARY'"}
[2026-02-03T01:38:41.741Z] [ERROR] Request completed | {"method":"GET","path":"/api/floods","statusCode":500,"duration":"3ms"}
[2026-02-03T01:38:43.680Z] [ERROR] Error fetching flood data for month: | {"error":"Duplicate entry 'flood_001' for key 'floods.PRIMARY'"}
[2026-02-03T01:38:43.680Z] [ERROR] Request completed | {"method":"GET","path":"/api/floods","statusCode":500,"duration":"2ms"}
[2026-02-03T01:38:46.546Z] [ERROR] Error fetching flood data for day: | {"error":"Duplicate entry 'flood_001' for key 'floods.PRIMARY'"}
[2026-02-03T01:38:46.546Z] [ERROR] Request completed | {"method":"GET","path":"/api/floods","statusCode":500,"duration":"3ms"}
[2026-02-03T01:38:47.404Z] [ERROR] Error fetching flood data for day: | {"error":"Duplicate entry 'flood_001' for key 'floods.PRIMARY'"}
[2026-02-03T01:38:47.405Z] [ERROR] Request completed | {"method":"GET","path":"/api/floods","statusCode":500,"duration":"7ms"}
[2026-02-03T01:58:12.504Z] [ERROR] Error fetching flood data for hour: | {"error":"Request failed with status code 404"}
[2026-02-03T01:58:12.505Z] [ERROR] Request completed | {"method":"GET","path":"/api/floods","statusCode":500,"duration":"468ms"}
[2026-02-03T01:59:37.060Z] [ERROR] Error fetching flood data for day: | {"error":"Duplicate entry 'flood_153' for key 'floods.PRIMARY'"}
[2026-02-03T01:59:37.060Z] [ERROR] Request completed | {"method":"GET","path":"/api/floods","statusCode":500,"duration":"153ms"}
[2026-02-03T01:59:38.054Z] [ERROR] Error fetching flood data for day: | {"error":"Duplicate entry 'flood_153' for key 'floods.PRIMARY'"}
[2026-02-03T01:59:38.055Z] [ERROR] Request completed | {"method":"GET","path":"/api/floods","statusCode":500,"duration":"90ms"}
[2026-02-03T02:00:20.922Z] [ERROR] Error fetching flood data for week: | {"error":"Duplicate entry 'flood_153' for key 'floods.PRIMARY'"}
[2026-02-03T02:00:20.923Z] [ERROR] Request completed | {"method":"GET","path":"/api/floods","statusCode":500,"duration":"333ms"}
[2026-02-03T02:00:22.696Z] [ERROR] Error fetching flood data for week: | {"error":"Duplicate entry 'flood_153' for key 'floods.PRIMARY'"}
[2026-02-03T02:00:22.697Z] [ERROR] Request completed | {"method":"GET","path":"/api/floods","statusCode":500,"duration":"128ms"}
[2026-02-03T02:27:17.722Z] [ERROR] Error fetching flood data for hour: | {"error":"Duplicate entry 'flood_153_hour' for key 'floods.PRIMARY'"}
[2026-02-03T02:27:17.934Z] [ERROR] Error fetching flood data for hour: | {"error":"Duplicate entry 'flood_153_hour' for key 'floods.PRIMARY'"}
